sample.interval=20000
"%*%" "NbClust2" 
"eigen" "NbClust2" 
"eigen" "NbClust2" 
".Fortran" "do_one" "kmeans" "NbClust2" 
".Fortran" "do_one" "kmeans" "NbClust2" 
"array" "aperm" "sweep" "scale.default" "scale" "kmeans" "NbClust2" 
"array" "aperm" "sweep" "scale.default" "scale" "kmeans" "NbClust2" 
".Fortran" "do_one" "kmeans" "NbClust2" 
"dist" "NbClust2" 
"dist" "NbClust2" 
"dist" "NbClust2" 
"dist" "NbClust2" 
"dist" "NbClust2" 
"dist" "NbClust2" 
"dist" "NbClust2" 
"dist" "NbClust2" 
"dist" "NbClust2" 
"dist" "NbClust2" 
"dist" "NbClust2" 
"dist" "NbClust2" 
"stats::var" "var.default" "FUN" "apply" "Average.scattering" "NbClust2" 
"determinant.matrix" "determinant" "Indices.WBT" "NbClust2" 
"solve.default" "solve" "diag" "Indices.WBT" "NbClust2" 
"as.matrix.dist" "as.matrix" "Index.15and28" "NbClust2" 
"col" "as.matrix.dist" "as.matrix" "Index.15and28" "NbClust2" 
"Index.15and28" "NbClust2" 
"gss" "indice.hart" "Indices.Traces" "NbClust2" 
"col" "as.matrix.dist" "as.matrix" "Indice.ptbiserial" "NbClust2" 
"unique.default" "unique" "factor" "as.factor" "biserial.cor" "Indice.ptbiserial" "NbClust2" 
"factor" "as.factor" "biserial.cor" "Indice.ptbiserial" "NbClust2" 
"factor" "as.factor" "biserial.cor" "Indice.ptbiserial" "NbClust2" 
"factor" "as.factor" "biserial.cor" "Indice.ptbiserial" "NbClust2" 
"factor" "as.factor" "biserial.cor" "Indice.ptbiserial" "NbClust2" 
"factor" "as.factor" "biserial.cor" "Indice.ptbiserial" "NbClust2" 
"row" "as.matrix.dist" "as.matrix" "indice.kl" "Indices.Traces" "NbClust2" 
"gss" "indice.kl" "Indices.Traces" "NbClust2" 
"as.matrix.dist" "as.matrix" "indice.ch" "Indices.Traces" "NbClust2" 
"matrix" "as.matrix.dist" "as.matrix" "data.matrix" "Indice.cindex" "NbClust2" 
"mean" "Indice.DB" "NbClust2" 
"as.matrix.dist" "as.matrix" "Indice.S" "NbClust2" 
"varwithinss" "indice.ratkowsky" "Indices.Traces" "NbClust2" 
"t.default" "t" "as.matrix.dist" "as.matrix" "Index.dunn" "NbClust2" 
".getNamespaceInfo" "getExportedValue" "::" "var.default" "var" "Index.Hubert" "NbClust2" 
"mean" "centers" "Index.Hubert" "NbClust2" 
"is.na" "stats::var" "var.default" "var" "Index.Hubert" "NbClust2" 
"Index.Hubert" "NbClust2" 
"mean" "centers" "Dis" "Index.sdindex" "NbClust2" 
"mean" "centers" "density.bw" "Index.SDbw" "NbClust2" 
"is.data.frame" "rowSums" "density.bw" "Index.SDbw" "NbClust2" 
"mean" "centers" "density.clusters" "NbClust2" 
"stats::cov" "cov.default" "cov" "diag" "Indices.WBT" "NbClust2" 
"diag" "Indices.WBT" "NbClust2" 
"Index.15and28" "NbClust2" 
"t.default" "t" "as.matrix.dist" "as.matrix" "Index.15and28" "NbClust2" 
"Index.15and28" "NbClust2" 
"FUN" "lapply" "unlist" "gss" "indice.hart" "Indices.Traces" "NbClust2" 
"as.matrix.dist" "as.matrix" "Indice.ptbiserial" "NbClust2" 
"unique.default" "unique" "factor" "as.factor" "biserial.cor" "Indice.ptbiserial" "NbClust2" 
"factor" "as.factor" "biserial.cor" "Indice.ptbiserial" "NbClust2" 
"factor" "as.factor" "biserial.cor" "Indice.ptbiserial" "NbClust2" 
"factor" "as.factor" "biserial.cor" "Indice.ptbiserial" "NbClust2" 
"factor" "as.factor" "biserial.cor" "Indice.ptbiserial" "NbClust2" 
"factor" "as.factor" "biserial.cor" "Indice.ptbiserial" "NbClust2" 
"is.data.frame" "colMeans" "FUN" "lapply" "do.call" "gss" "indice.kl" "Indices.Traces" "NbClust2" 
"is.data.frame" "colMeans" "FUN" "lapply" "do.call" "gss" "indice.kl" "Indices.Traces" "NbClust2" 
"is.data.frame" "colMeans" "FUN" "lapply" "do.call" "gss" "indice.ch" "Indices.Traces" "NbClust2" 
"t.default" "t" "as.matrix.dist" "as.matrix" "data.matrix" "Indice.cindex" "NbClust2" 
"mean" "Indice.DB" "NbClust2" 
"t.default" "t" "as.matrix.dist" "as.matrix" "Indice.S" "NbClust2" 
"mean" "vargss" "indice.ratkowsky" "Indices.Traces" "NbClust2" 
"Index.dunn" "NbClust2" 
"get0" "getExportedValue" "::" "var.default" "var" "Index.Hubert" "NbClust2" 
"mean" "centers" "Index.Hubert" "NbClust2" 
"Index.Hubert" "NbClust2" 
"Index.Hubert" "NbClust2" 
"mean" "centers" "Dis" "Index.sdindex" "NbClust2" 
"mean" "centers" "density.bw" "Index.SDbw" "NbClust2" 
"is.data.frame" "rowSums" "density.bw" "Index.SDbw" "NbClust2" 
"mean" "centers" "Average.scattering" "NbClust2" 
"length" "mean.default" "mean" "centers" "density.clusters" "NbClust2" 
"stats::cov" "cov.default" "cov" "diag" "Indices.WBT" "NbClust2" 
"solve.default" "solve" "diag" "Indices.WBT" "NbClust2" 
"t.default" "t" "as.matrix.dist" "as.matrix" "Index.15and28" "NbClust2" 
"col" "as.matrix.dist" "as.matrix" "Index.15and28" "NbClust2" 
"Index.15and28" "NbClust2" 
"as.matrix.dist" "as.matrix" "indice.hart" "Indices.Traces" "NbClust2" 
"FUN" "lapply" "unlist" "gss" "indice.hart" "Indices.Traces" "NbClust2" 
"cbind" "Indice.ptbiserial" "NbClust2" 
"factor" "as.factor" "biserial.cor" "Indice.ptbiserial" "NbClust2" 
"factor" "as.factor" "biserial.cor" "Indice.ptbiserial" "NbClust2" 
"factor" "as.factor" "biserial.cor" "Indice.ptbiserial" "NbClust2" 
"factor" "as.factor" "biserial.cor" "Indice.ptbiserial" "NbClust2" 
"factor" "as.factor" "biserial.cor" "Indice.ptbiserial" "NbClust2" 
"mean" "biserial.cor" "Indice.ptbiserial" "NbClust2" 
"gss" "indice.kl" "Indices.Traces" "NbClust2" 
"gss" "indice.kl" "Indices.Traces" "NbClust2" 
"FUN" "lapply" "unlist" "gss" "indice.ch" "Indices.Traces" "NbClust2" 
"is.data.frame" "colMeans" "FUN" "lapply" "do.call" "gss" "indice.ch" "Indices.Traces" "NbClust2" 
"is.data.frame" "colMeans" "FUN" "lapply" "do.call" "gss" "indice.ch" "Indices.Traces" "NbClust2" 
"is.data.frame" "colMeans" "FUN" "lapply" "do.call" "gss" "indice.ch" "Indices.Traces" "NbClust2" 
"is.data.frame" "colMeans" "FUN" "lapply" "do.call" "gss" "indice.ch" "Indices.Traces" "NbClust2" 
"is.data.frame" "colMeans" "FUN" "lapply" "do.call" "gss" "indice.ch" "Indices.Traces" "NbClust2" 
"is.data.frame" "colMeans" "FUN" "lapply" "do.call" "gss" "indice.ch" "Indices.Traces" "NbClust2" 
"is.data.frame" "colMeans" "FUN" "lapply" "do.call" "gss" "indice.ch" "Indices.Traces" "NbClust2" 
"is.data.frame" "colMeans" "FUN" "lapply" "do.call" "gss" "indice.ch" "Indices.Traces" "NbClust2" 
"is.data.frame" "colMeans" "FUN" "lapply" "do.call" "gss" "indice.ch" "Indices.Traces" "NbClust2" 
"Indice.cindex" "NbClust2" 
"Indice.DB" "NbClust2" 
"is.data.frame" "rowSums" "FUN" "lapply" "do.call" "FUN" "lapply" "sapply" "Indice.S" "NbClust2" 
"mean" "vargss" "indice.ratkowsky" "Indices.Traces" "NbClust2" 
"row" "as.matrix.dist" "as.matrix" "Index.Hubert" "NbClust2" 
"::" "var.default" "var" "Index.Hubert" "NbClust2" 
"mean" "centers" "Index.Hubert" "NbClust2" 
"var" "Index.Hubert" "NbClust2" 
"mean" "centers" "Dis" "Index.sdindex" "NbClust2" 
"mean" "centers" "Dis" "Index.sdindex" "NbClust2" 
"is.data.frame" "rowSums" "density.bw" "Index.SDbw" "NbClust2" 
"mean" "centers" "Average.scattering" "NbClust2" 
"mean" "centers" "density.clusters" "NbClust2" 
"stats::cov" "cov.default" "cov" "diag" "Indices.WBT" "NbClust2" 
"solve.default" "solve" "diag" "Indices.WBT" "NbClust2" 
"t.default" "t" "as.matrix.dist" "as.matrix" "Index.15and28" "NbClust2" 
"row" "as.matrix.dist" "as.matrix" "Index.15and28" "NbClust2" 
"Index.15and28" "NbClust2" 
"mean.default" "mean" "Index.15and28" "NbClust2" 
"is.data.frame" "colMeans" "FUN" "lapply" "do.call" "gss" "indice.hart" "Indices.Traces" "NbClust2" 
"as.matrix.dist" "as.matrix" "Indice.ptbiserial" "NbClust2" 
"unique.default" "unique" "factor" "as.factor" "biserial.cor" "Indice.ptbiserial" "NbClust2" 
"factor" "as.factor" "biserial.cor" "Indice.ptbiserial" "NbClust2" 
"factor" "as.factor" "biserial.cor" "Indice.ptbiserial" "NbClust2" 
"factor" "as.factor" "biserial.cor" "Indice.ptbiserial" "NbClust2" 
"factor" "as.factor" "biserial.cor" "Indice.ptbiserial" "NbClust2" 
"factor" "as.factor" "biserial.cor" "Indice.ptbiserial" "NbClust2" 
"matrix" "as.matrix.dist" "as.matrix" "indice.kl" "Indices.Traces" "NbClust2" 
"gss" "indice.kl" "Indices.Traces" "NbClust2" 
"row" "as.matrix.dist" "as.matrix" "indice.ch" "Indices.Traces" "NbClust2" 
"gss" "indice.ch" "Indices.Traces" "NbClust2" 
"mean" "Indice.DB" "NbClust2" 
"col" "as.matrix.dist" "as.matrix" "Indice.S" "NbClust2" 
"gss" "indice.ratkowsky" "Indices.Traces" "NbClust2" 
"col" "as.matrix.dist" "as.matrix" "Index.dunn" "NbClust2" 
"t.default" "t" "as.matrix.dist" "as.matrix" "Index.Hubert" "NbClust2" 
"mean" "centers" "Index.Hubert" "NbClust2" 
"stopifnot" "stats::var" "var.default" "var" "Index.Hubert" "NbClust2" 
"Index.Hubert" "NbClust2" 
"mean" "centers" "Dis" "Index.sdindex" "NbClust2" 
"mean" "centers" "Dis" "Index.sdindex" "NbClust2" 
"is.data.frame" "rowSums" "density.bw" "Index.SDbw" "NbClust2" 
"is.data.frame" "rowSums" "density.bw" "Index.SDbw" "NbClust2" 
"t" "is.data.frame" "rowSums" "FUN" "lapply" "do.call" "Average.scattering" "NbClust2" 
"mean" "centers" "density.clusters" "NbClust2" 
"stats::cov" "cov.default" "cov" "diag" "Indices.WBT" "NbClust2" 
"diag" "Indices.WBT" "NbClust2" 
"Index.15and28" "NbClust2" 
"Index.15and28" "NbClust2" 
"Index.15and28" "NbClust2" 
"Index.15and28" "NbClust2" 
"t.default" "t" "as.matrix.dist" "as.matrix" "indice.hart" "Indices.Traces" "NbClust2" 
"gss" "indice.ball" "Indices.Traces" "NbClust2" 
"cbind" "Indice.ptbiserial" "NbClust2" 
"factor" "as.factor" "biserial.cor" "Indice.ptbiserial" "NbClust2" 
"factor" "as.factor" "biserial.cor" "Indice.ptbiserial" "NbClust2" 
"factor" "as.factor" "biserial.cor" "Indice.ptbiserial" "NbClust2" 
"factor" "as.factor" "biserial.cor" "Indice.ptbiserial" "NbClust2" 
"factor" "as.factor" "biserial.cor" "Indice.ptbiserial" "NbClust2" 
"factor" "as.factor" "biserial.cor" "Indice.ptbiserial" "NbClust2" 
"t.default" "t" "as.matrix.dist" "as.matrix" "indice.kl" "Indices.Traces" "NbClust2" 
"gss" "indice.kl" "Indices.Traces" "NbClust2" 
"t.default" "t" "as.matrix.dist" "as.matrix" "indice.ch" "Indices.Traces" "NbClust2" 
"as.matrix.dist" "as.matrix" "data.matrix" "Indice.cindex" "NbClust2" 
"mean" "Indice.DB" "NbClust2" 
"as.matrix.dist" "as.matrix" "Indice.S" "NbClust2" 
"FUN" "lapply" "unlist" "gss" "indice.ratkowsky" "Indices.Traces" "NbClust2" 
"col" "as.matrix.dist" "as.matrix" "Index.dunn" "NbClust2" 
"t.default" "t" "as.matrix.dist" "as.matrix" "Index.Hubert" "NbClust2" 
"mean" "centers" "Index.Hubert" "NbClust2" 
"Index.Hubert" "NbClust2" 
".row" "lower.tri" "Index.Hubert" "NbClust2" 
"mean" "centers" "Dis" "Index.sdindex" "NbClust2" 
"mean.default" "mean" "centers" "Dis" "Index.sdindex" "NbClust2" 
"mean" "centers" "density.bw" "Index.SDbw" "NbClust2" 
"is.data.frame" "rowSums" "density.bw" "Index.SDbw" "NbClust2" 
"centers" "Average.scattering" "NbClust2" 
"isBaseNamespace" "getExportedValue" "::" "var.default" "FUN" "apply" "Average.scattering" "NbClust2" 
"mean" "centers" "density.clusters" "NbClust2" 
"stats::cov" "cov.default" "cov" "diag" "Indices.WBT" "NbClust2" 
"diag" "Indices.WBT" "NbClust2" 
"Index.15and28" "NbClust2" 
"Index.15and28" "NbClust2" 
"Index.15and28" "NbClust2" 
"Index.15and28" "NbClust2" 
"Index.15and28" "NbClust2" 
"Index.15and28" "NbClust2" 
"Index.15and28" "NbClust2" 
"Index.15and28" "NbClust2" 
"Index.15and28" "NbClust2" 
"Index.15and28" "NbClust2" 
"Index.15and28" "NbClust2" 
"Index.15and28" "NbClust2" 
"Index.15and28" "NbClust2" 
"as.matrix.dist" "as.matrix" "indice.hart" "Indices.Traces" "NbClust2" 
"is.data.frame" "colMeans" "FUN" "lapply" "do.call" "gss" "indice.ball" "Indices.Traces" "NbClust2" 
"as.vector" "cbind" "Indice.ptbiserial" "NbClust2" 
"factor" "as.factor" "biserial.cor" "Indice.ptbiserial" "NbClust2" 
"factor" "as.factor" "biserial.cor" "Indice.ptbiserial" "NbClust2" 
"factor" "as.factor" "biserial.cor" "Indice.ptbiserial" "NbClust2" 
"factor" "as.factor" "biserial.cor" "Indice.ptbiserial" "NbClust2" 
"factor" "as.factor" "biserial.cor" "Indice.ptbiserial" "NbClust2" 
"factor" "as.factor" "biserial.cor" "Indice.ptbiserial" "NbClust2" 
"gss" "indice.kl" "Indices.Traces" "NbClust2" 
"gss" "indice.kl" "Indices.Traces" "NbClust2" 
"gss" "indice.ch" "Indices.Traces" "NbClust2" 
"t.default" "t" "as.matrix.dist" "as.matrix" "data.matrix" "Indice.cindex" "NbClust2" 
"apply" "mean" "Indice.DB" "NbClust2" 
"t.default" "t" "as.matrix.dist" "as.matrix" "Indice.S" "NbClust2" 
"varwithinss" "indice.ratkowsky" "Indices.Traces" "NbClust2" 
"as.matrix.dist" "as.matrix" "Index.dunn" "NbClust2" 
"pmatch" "stats::var" "var.default" "var" "Index.Hubert" "NbClust2" 
"mean" "centers" "Index.Hubert" "NbClust2" 
"stopifnot" "stats::var" "var.default" "var" "Index.Hubert" "NbClust2" 
"Index.Hubert" "NbClust2" 
"mean" "centers" "Dis" "Index.sdindex" "NbClust2" 
"mean" "centers" "density.bw" "Index.SDbw" "NbClust2" 
"mean" "centers" "density.bw" "Index.SDbw" "NbClust2" 
"is.data.frame" "rowSums" "density.bw" "Index.SDbw" "NbClust2" 
".External" "<Anonymous>" "do.call" "dev.new" "NbClust2" 
